<?xml version="1.0" encoding="UTF-8"?>
<!-- Generated by org.testng.reporters.JUnitReportReporter -->
<testsuite hostname="sahu" failures="0" tests="1" name="qaclickacadamy.Api1Test" time="0.016" errors="0" timestamp="2021-09-19T07:57:55 IST" skipped="0">
  <testcase classname="qaclickacadamy.Api1Test" name="api1" time="0.016"/>
  <system-out/>
</testsuite> <!-- qaclickacadamy.Api1Test -->
