<?xml version="1.0" encoding="UTF-8"?>
<!-- Generated by org.testng.reporters.JUnitReportReporter -->
<testsuite hostname="sahu" failures="0" tests="1" name="qaclickacadamy.Selenium" time="0.017" errors="0" timestamp="2021-09-18T18:42:21 IST" skipped="0">
  <testcase classname="qaclickacadamy.Selenium" name="browserautomation" time="0.017"/>
  <system-out/>
</testsuite> <!-- qaclickacadamy.Selenium -->
