<?xml version="1.0" encoding="UTF-8"?>
<!-- Generated by org.testng.reporters.JUnitReportReporter -->
<testsuite skipped="0" hostname="sahu" name="qaclickacadamy.Api1Test" tests="1" failures="0" timestamp="22 Sep 2021 06:19:21 GMT" time="0.011" errors="0">
  <testcase name="api1" time="0.011" classname="qaclickacadamy.Api1Test"/>
</testsuite> <!-- qaclickacadamy.Api1Test -->
