<?xml version="1.0" encoding="UTF-8"?>
<!-- Generated by org.testng.reporters.JUnitReportReporter -->
<testsuite skipped="0" hostname="sahu" name="qaclickacadamy.SeleniumTest" tests="2" failures="0" timestamp="22 Sep 2021 06:19:21 GMT" time="0.002" errors="0">
  <testcase name="elementsui" time="0.001" classname="qaclickacadamy.SeleniumTest"/>
  <testcase name="browserautomation" time="0.001" classname="qaclickacadamy.SeleniumTest"/>
</testsuite> <!-- qaclickacadamy.SeleniumTest -->
